[02:22:04] [main/WARN]: Ambiguity between arguments [teleport, destination] and [teleport, targets] with inputs: [Player, 0123, @e, dd12be42-52a9-4a91-a8a1-11c01849e498]
[02:22:04] [main/WARN]: Ambiguity between arguments [teleport, location] and [teleport, destination] with inputs: [0.1 -0.5 .9, 0 0 0]
[02:22:04] [main/WARN]: Ambiguity between arguments [teleport, location] and [teleport, targets] with inputs: [0.1 -0.5 .9, 0 0 0]
[02:22:04] [main/WARN]: Ambiguity between arguments [teleport, targets] and [teleport, destination] with inputs: [Player, 0123, dd12be42-52a9-4a91-a8a1-11c01849e498]
[02:22:04] [main/WARN]: Ambiguity between arguments [teleport, targets, location] and [teleport, targets, destination] with inputs: [0.1 -0.5 .9, 0 0 0]
[02:22:04] [Server thread/INFO]: Starting minecraft server version 1.14
[02:22:04] [Server thread/INFO]: Loading properties
[02:22:04] [Server thread/INFO]: Default game type: SURVIVAL
[02:22:04] [Server thread/INFO]: Generating keypair
[02:22:05] [Server thread/INFO]: Starting Minecraft server on *:25565
[02:22:05] [Server thread/INFO]: Using epoll channel type
[02:22:05] [Server thread/WARN]: **** SERVER IS RUNNING IN OFFLINE/INSECURE MODE!
[02:22:05] [Server thread/WARN]: The server will make no attempt to authenticate usernames. Beware.
[02:22:05] [Server thread/WARN]: While this makes the game possible to play without internet access, it also opens up the ability for hackers to connect with any username they choose.
[02:22:05] [Server thread/WARN]: To change this, set "online-mode" to "true" in the server.properties file.
[02:22:05] [Server thread/INFO]: Preparing level "world"
[02:22:05] [Server thread/INFO]: Reloading ResourceManager: Default
[02:22:37] [Server thread/INFO]: Loaded 6 recipes
[02:22:38] [Server thread/INFO]: Loaded 811 advancements
[02:22:38] [Server thread/INFO]: Preparing start region for dimension minecraft:overworld
[02:22:39] [Server-Worker-1/INFO]: Preparing spawn area: 0%
[02:22:40] [Server-Worker-1/INFO]: Preparing spawn area: 0%
[02:22:40] [Server-Worker-1/INFO]: Preparing spawn area: 0%
[02:22:40] [Server-Worker-1/INFO]: Preparing spawn area: 0%
[02:22:40] [Server-Worker-1/INFO]: Preparing spawn area: 0%
[02:22:40] [Server-Worker-1/INFO]: Preparing spawn area: 0%
[02:22:41] [Server-Worker-1/INFO]: Preparing spawn area: 0%
[02:22:41] [Server-Worker-1/INFO]: Preparing spawn area: 0%
[02:22:42] [Server-Worker-1/INFO]: Preparing spawn area: 0%
[02:22:43] [Server-Worker-1/INFO]: Preparing spawn area: 0%
[02:22:43] [Server-Worker-1/INFO]: Preparing spawn area: 0%
[02:22:43] [Server-Worker-1/INFO]: Preparing spawn area: 0%
[02:22:44] [Server-Worker-1/INFO]: Preparing spawn area: 0%
[02:22:44] [Server-Worker-1/INFO]: Preparing spawn area: 0%
[02:22:45] [Server-Worker-1/INFO]: Preparing spawn area: 0%
[02:22:45] [Server-Worker-1/INFO]: Preparing spawn area: 5%
[02:22:46] [Server-Worker-1/INFO]: Preparing spawn area: 5%
[02:22:46] [Server-Worker-1/INFO]: Preparing spawn area: 6%
[02:22:47] [Server-Worker-1/INFO]: Preparing spawn area: 9%
[02:22:47] [Server-Worker-1/INFO]: Preparing spawn area: 17%
[02:22:48] [Server-Worker-1/INFO]: Preparing spawn area: 27%
[02:22:48] [Server-Worker-1/INFO]: Preparing spawn area: 35%
[02:22:49] [Server-Worker-1/INFO]: Preparing spawn area: 64%
[02:22:49] [Server-Worker-1/INFO]: Preparing spawn area: 87%
[02:22:50] [Server thread/INFO]: Time elapsed: 12213 ms
[02:22:50] [Server thread/INFO]: Done (44.904s)! For help, type "help"
[02:23:03] [Server thread/INFO]: AndyZ[/182.109.20.108:20785] logged in with entity id 290 at (29.234003796363385, 64.05489334703208, 15.037863713018522)
[02:23:03] [Server thread/INFO]: AndyZ joined the game
[02:23:20] [Server thread/INFO]: Jerry[/72.203.157.186:53755] logged in with entity id 300 at (26.69042958793539, 63.0, 11.845952044977858)
[02:23:20] [Server thread/INFO]: Jerry joined the game
[02:23:36] [Server thread/INFO]: Jerry lost connection: Timed out
[02:23:36] [Server thread/INFO]: Jerry left the game
[02:23:36] [Server thread/WARN]: handleDisconnection() called twice
[02:45:11] [Server thread/INFO]: AndyZ lost connection: Disconnected
[02:45:11] [Server thread/INFO]: AndyZ left the game
